# JRE version: Java(TM) SE Runtime Environment (21.0.6+8) (build 21.0.6+8-LTS-188)
# Java VM: Java HotSpot(TM) 64-Bit Server VM (21.0.6+8-LTS-188, mixed mode, emulated-client, sharing, tiered, compressed oops, compressed class ptrs, g1 gc, windows-amd64)
GC Precious Log:
 CardTable entry size: 512
 Card Set container configuration: InlinePtr #cards 4 size 8 Array Of Cards #cards 16 size 48 Howl #buckets 8 coarsen threshold 3686 Howl Bitmap #cards 512 size 80 coarsen threshold 460 Card regions per heap region 1 cards per card region 4096
 CPUs: 8 total, 8 available
 Memory: 16107M
 Large Page Support: Disabled
 NUMA Support: Disabled
 Compressed Oops: Enabled (Zero based)
 Heap Region Size: 2M
 Heap Min Capacity: 8M
 Heap Initial Capacity: 252M
 Heap Max Capacity: 4028M
 Pre-touch: Disabled
 Parallel Workers: 8
 Concurrent Workers: 2
 Concurrent Refinement Workers: 8
 Periodic GC: Disabled
Heap:
 garbage-first heap   total 98304K, used 83735K [0x0000000704400000, 0x0000000800000000)
  region size 2048K, 25 young (51200K), 3 survivors (6144K)
 Metaspace       used 76289K, committed 77056K, reserved 1179648K
  class space    used 10888K, committed 11264K, reserved 1048576K
GC Heap History (20 events):
Event: 1.858 GC heap after
{Heap after GC invocations=6 (full 0):
 garbage-first heap   total 81920K, used 18740K [0x0000000704400000, 0x0000000800000000)
  region size 2048K, 6 young (12288K), 6 survivors (12288K)
 Metaspace       used 26169K, committed 26624K, reserved 1114112K
  class space    used 3637K, committed 3840K, reserved 1048576K
}
Event: 2.332 GC heap before
{Heap before GC invocations=6 (full 0):
 garbage-first heap   total 81920K, used 55604K [0x0000000704400000, 0x0000000800000000)
  region size 2048K, 24 young (49152K), 6 survivors (12288K)
 Metaspace       used 33175K, committed 33664K, reserved 1114112K
  class space    used 4526K, committed 4736K, reserved 1048576K
}
Event: 2.340 GC heap after
{Heap after GC invocations=7 (full 0):
 garbage-first heap   total 81920K, used 21690K [0x0000000704400000, 0x0000000800000000)
  region size 2048K, 3 young (6144K), 3 survivors (6144K)
 Metaspace       used 33175K, committed 33664K, reserved 1114112K
  class space    used 4526K, committed 4736K, reserved 1048576K
}
Event: 2.428 GC heap before
{Heap before GC invocations=7 (full 0):
 garbage-first heap   total 81920K, used 27834K [0x0000000704400000, 0x0000000800000000)
  region size 2048K, 7 young (14336K), 3 survivors (6144K)
 Metaspace       used 34031K, committed 34560K, reserved 1114112K
  class space    used 4626K, committed 4864K, reserved 1048576K
}
Event: 2.431 GC heap after
{Heap after GC invocations=8 (full 0):
 garbage-first heap   total 81920K, used 22252K [0x0000000704400000, 0x0000000800000000)
  region size 2048K, 1 young (2048K), 1 survivors (2048K)
 Metaspace       used 34031K, committed 34560K, reserved 1114112K
  class space    used 4626K, committed 4864K, reserved 1048576K
}
Event: 2.843 GC heap before
{Heap before GC invocations=9 (full 0):
 garbage-first heap   total 81920K, used 65260K [0x0000000704400000, 0x0000000800000000)
  region size 2048K, 22 young (45056K), 1 survivors (2048K)
 Metaspace       used 41166K, committed 41728K, reserved 1114112K
  class space    used 5682K, committed 5952K, reserved 1048576K
}
Event: 2.845 GC heap after
{Heap after GC invocations=10 (full 0):
 garbage-first heap   total 98304K, used 23857K [0x0000000704400000, 0x0000000800000000)
  region size 2048K, 2 young (4096K), 2 survivors (4096K)
 Metaspace       used 41166K, committed 41728K, reserved 1114112K
  class space    used 5682K, committed 5952K, reserved 1048576K
}
Event: 8.773 GC heap before
{Heap before GC invocations=10 (full 0):
 garbage-first heap   total 98304K, used 75057K [0x0000000704400000, 0x0000000800000000)
  region size 2048K, 28 young (57344K), 2 survivors (4096K)
 Metaspace       used 55438K, committed 56000K, reserved 1114112K
  class space    used 7519K, committed 7808K, reserved 1048576K
}
Event: 8.776 GC heap after
{Heap after GC invocations=11 (full 0):
 garbage-first heap   total 98304K, used 27502K [0x0000000704400000, 0x0000000800000000)
  region size 2048K, 4 young (8192K), 4 survivors (8192K)
 Metaspace       used 55438K, committed 56000K, reserved 1114112K
  class space    used 7519K, committed 7808K, reserved 1048576K
}
Event: 8.844 GC heap before
{Heap before GC invocations=11 (full 0):
 garbage-first heap   total 98304K, used 31598K [0x0000000704400000, 0x0000000800000000)
  region size 2048K, 7 young (14336K), 4 survivors (8192K)
 Metaspace       used 57323K, committed 57856K, reserved 1114112K
  class space    used 7863K, committed 8128K, reserved 1048576K
}
Event: 8.848 GC heap after
{Heap after GC invocations=12 (full 0):
 garbage-first heap   total 98304K, used 27775K [0x0000000704400000, 0x0000000800000000)
  region size 2048K, 2 young (4096K), 2 survivors (4096K)
 Metaspace       used 57323K, committed 57856K, reserved 1114112K
  class space    used 7863K, committed 8128K, reserved 1048576K
}
Event: 9.656 GC heap before
{Heap before GC invocations=13 (full 0):
 garbage-first heap   total 98304K, used 81023K [0x0000000704400000, 0x0000000800000000)
  region size 2048K, 28 young (57344K), 2 survivors (4096K)
 Metaspace       used 67023K, committed 67712K, reserved 1114112K
  class space    used 9299K, committed 9600K, reserved 1048576K
}
Event: 9.660 GC heap after
{Heap after GC invocations=14 (full 0):
 garbage-first heap   total 98304K, used 30421K [0x0000000704400000, 0x0000000800000000)
  region size 2048K, 4 young (8192K), 4 survivors (8192K)
 Metaspace       used 67023K, committed 67712K, reserved 1114112K
  class space    used 9299K, committed 9600K, reserved 1048576K
}
Event: 10.025 GC heap before
{Heap before GC invocations=14 (full 0):
 garbage-first heap   total 98304K, used 77525K [0x0000000704400000, 0x0000000800000000)
  region size 2048K, 28 young (57344K), 4 survivors (8192K)
 Metaspace       used 71692K, committed 72384K, reserved 1114112K
  class space    used 10257K, committed 10560K, reserved 1048576K
}
Event: 10.031 GC heap after
{Heap after GC invocations=15 (full 0):
 garbage-first heap   total 98304K, used 33092K [0x0000000704400000, 0x0000000800000000)
  region size 2048K, 4 young (8192K), 4 survivors (8192K)
 Metaspace       used 71692K, committed 72384K, reserved 1114112K
  class space    used 10257K, committed 10560K, reserved 1048576K
}
Event: 10.184 GC heap before
{Heap before GC invocations=15 (full 0):
 garbage-first heap   total 98304K, used 80196K [0x0000000704400000, 0x0000000800000000)
  region size 2048K, 27 young (55296K), 4 survivors (8192K)
 Metaspace       used 73477K, committed 74112K, reserved 1114112K
  class space    used 10485K, committed 10752K, reserved 1048576K
}
Event: 10.188 GC heap after
{Heap after GC invocations=16 (full 0):
 garbage-first heap   total 98304K, used 33612K [0x0000000704400000, 0x0000000800000000)
  region size 2048K, 2 young (4096K), 2 survivors (4096K)
 Metaspace       used 73477K, committed 74112K, reserved 1114112K
  class space    used 10485K, committed 10752K, reserved 1048576K
}
Event: 10.306 GC heap before
{Heap before GC invocations=16 (full 0):
 garbage-first heap   total 98304K, used 86860K [0x0000000704400000, 0x0000000800000000)
  region size 2048K, 28 young (57344K), 2 survivors (4096K)
 Metaspace       used 73554K, committed 74240K, reserved 1114112K
  class space    used 10496K, committed 10816K, reserved 1048576K
}
Event: 10.310 GC heap after
{Heap after GC invocations=17 (full 0):
 garbage-first heap   total 98304K, used 38679K [0x0000000704400000, 0x0000000800000000)
  region size 2048K, 4 young (8192K), 4 survivors (8192K)
 Metaspace       used 73554K, committed 74240K, reserved 1114112K
  class space    used 10496K, committed 10816K, reserved 1048576K
}
Event: 10.658 GC heap before
{Heap before GC invocations=17 (full 0):
 garbage-first heap   total 98304K, used 83735K [0x0000000704400000, 0x0000000800000000)
  region size 2048K, 26 young (53248K), 4 survivors (8192K)
 Metaspace       used 76289K, committed 77056K, reserved 1179648K
  class space    used 10888K, committed 11264K, reserved 1048576K
}

